[2014-09-15 03:54:51] START
[2014-09-15 03:55:04] CREATE mydb.py: 0
[2014-09-15 03:58:52] EDIT Juego/models/mydb.py: 3
[2014-09-15 04:00:29] EDIT Juego/models/mydb.py: 0
[2014-09-15 04:26:28] EDIT Juego/models/mydb.py: 7
[2014-09-15 04:26:48] EDIT Juego/models/mydb.py: 1
[2014-09-15 04:26:55] EDIT Juego/models/mydb.py: 0
[2014-09-15 04:26:57] EDIT Juego/models/mydb.py: 0
[2014-09-15 04:26:59] EDIT Juego/models/mydb.py: 0
[2014-09-15 04:27:51] EDIT Juego/models/mydb.py: 0
[2014-09-15 04:32:06] EDIT Juego/controllers/default.py: 4
[2014-09-15 04:32:29] EDIT Juego/controllers/default.py: 0
[2014-09-15 04:35:44] EDIT Juego/controllers/default.py: 1
[2014-09-15 04:35:54] EDIT Juego/controllers/default.py: 0
[2014-09-15 04:38:56] EDIT Juego/controllers/default.py: 1
[2014-09-15 04:45:10] EDIT Juego/controllers/default.py: 0
[2014-09-15 04:46:13] EDIT Juego/controllers/default.py: 0
[2014-09-15 04:46:24] EDIT Juego/controllers/default.py: 0
[2014-09-15 04:46:41] EDIT Juego/controllers/default.py: -1
[2014-09-15 04:53:37] EDIT Juego/controllers/default.py: 1
[2014-09-15 04:56:26] EDIT Juego/controllers/default.py: 6
[2014-09-19 12:10:58] EDIT Juego/controllers/default.py: 7
[2014-09-19 12:14:18] EDIT Juego/models/mydb.py: 0
[2014-09-19 12:15:43] EDIT Juego/models/mydb.py: 0
[2014-09-19 12:17:40] EDIT Juego/models/mydb.py: 0
[2014-09-19 12:18:02] EDIT Juego/models/mydb.py: 0
[2014-09-19 12:18:19] EDIT Juego/models/mydb.py: 0
[2014-09-19 12:34:38] EDIT Juego/models/mydb.py: 0
[2014-09-19 12:51:41] EDIT Juego/controllers/default.py: 3
[2014-09-19 12:53:22] EDIT Juego/controllers/default.py: 0
[2014-09-19 12:54:03] EDIT Juego/controllers/default.py: 0
[2014-09-19 12:55:47] EDIT Juego/controllers/default.py: -4
[2014-09-19 12:57:32] EDIT Juego/controllers/default.py: 1
[2014-09-19 13:02:44] EDIT Juego/controllers/default.py: 1
[2014-09-20 13:44:40] CREATE Preguntas.html: 0
[2014-09-20 13:45:29] DELETE Juego/views/Preguntas.html: -3
[2014-09-20 13:45:45] CREATE Pregunta.html: 0
[2014-09-20 13:52:18] DELETE Juego/views/Pregunta.html: -3
[2014-09-20 13:52:45] CREATE default/Pregunta.html: 0
[2014-09-20 13:54:23] EDIT Juego/views/default/Pregunta.html: -1
[2014-09-20 13:59:47] EDIT Juego/views/default/Pregunta.html: 1
[2014-09-20 14:04:15] EDIT Juego/views/default/Pregunta.html: 2
[2014-09-20 14:04:35] EDIT Juego/views/default/Pregunta.html: 0
[2014-09-20 14:05:02] EDIT Juego/views/default/Pregunta.html: 0
[2014-09-20 14:05:59] EDIT Juego/views/default/Pregunta.html: 0
[2014-09-20 14:06:14] EDIT Juego/views/default/Pregunta.html: 0
[2014-09-20 14:13:23] EDIT Juego/views/default/Pregunta.html: 2
[2014-09-20 14:18:13] EDIT Juego/views/default/Pregunta.html: 2
[2014-09-20 14:58:44] EDIT Juego/views/default/Pregunta.html: 0
[2014-09-20 15:04:01] EDIT Juego/views/default/Pregunta.html: 0
[2014-09-20 15:07:43] EDIT Juego/controllers/default.py: 1
[2014-09-20 15:08:53] EDIT Juego/views/default/Pregunta.html: 0
[2014-09-20 15:09:54] EDIT Juego/controllers/default.py: 0
[2014-09-20 15:15:03] EDIT Juego/controllers/default.py: 0
[2014-09-20 15:15:39] EDIT Juego/controllers/default.py: 0
[2014-09-20 15:17:36] EDIT Juego/controllers/default.py: 0
[2014-09-20 15:18:31] EDIT Juego/controllers/default.py: 0
[2014-09-20 15:18:33] EDIT Juego/controllers/default.py: 0
[2014-09-20 15:18:35] EDIT Juego/controllers/default.py: 0
[2014-09-20 15:18:41] EDIT Juego/controllers/default.py: 0
[2014-09-20 15:18:43] EDIT Juego/controllers/default.py: 0
[2014-09-20 15:18:49] EDIT Juego/controllers/default.py: 0
[2014-09-20 15:19:24] EDIT Juego/controllers/default.py: 0
[2014-09-20 15:19:32] EDIT Juego/controllers/default.py: 0
[2014-09-20 15:19:59] EDIT Juego/controllers/default.py: 0
[2014-09-20 15:20:00] EDIT Juego/controllers/default.py: 0
[2014-09-20 15:20:01] EDIT Juego/controllers/default.py: 0
[2014-09-20 15:20:06] EDIT Juego/controllers/default.py: 0
[2014-09-20 15:20:15] EDIT Juego/controllers/default.py: 0
[2014-09-20 15:21:03] EDIT Juego/views/default/Pregunta.html: 0
[2014-09-20 15:21:48] EDIT Juego/views/default/Pregunta.html: -1
[2014-09-20 15:22:26] EDIT Juego/views/default/Pregunta.html: 0
[2014-09-20 15:22:54] EDIT Juego/views/default/Pregunta.html: 0
[2014-09-20 15:23:19] EDIT Juego/views/default/Pregunta.html: 0
[2014-09-20 15:36:13] EDIT Juego/controllers/default.py: 0
[2014-09-20 15:39:36] EDIT Juego/views/default/Pregunta.html: 4
[2014-09-20 15:40:04] EDIT Juego/controllers/default.py: 0
[2014-09-20 15:40:43] EDIT Juego/views/default/Pregunta.html: 0
[2014-09-20 15:44:06] EDIT Juego/controllers/default.py: 0
[2014-09-20 15:49:12] EDIT Juego/views/default/Pregunta.html: 5
[2014-09-20 15:49:59] EDIT Juego/views/default/Pregunta.html: 0
[2014-09-20 15:53:31] EDIT Juego/controllers/default.py: 1
[2014-09-20 15:53:56] EDIT Juego/controllers/default.py: 0
[2014-09-20 15:54:36] EDIT Juego/views/default/index.html: -27
[2014-09-20 15:55:02] EDIT Juego/views/default/index.html: 0
[2014-09-20 15:55:31] EDIT Juego/controllers/default.py: 0
[2014-09-20 16:00:19] EDIT Juego/views/default/index.html: 0
[2014-09-20 16:00:34] EDIT Juego/views/default/index.html: 0
[2014-09-20 16:02:52] EDIT Juego/views/default/index.html: 1
[2014-09-20 16:03:06] EDIT Juego/views/default/index.html: 0
[2014-09-20 16:03:35] EDIT Juego/views/default/index.html: 0
[2014-09-20 16:04:03] EDIT Juego/views/default/index.html: 1
[2014-09-20 16:05:22] EDIT Juego/views/default/index.html: 0
